<?xml version="1.0" encoding="UTF-8"?>
<testng-results ignored="0" total="15" passed="15" failed="0" skipped="0">
  <reporter-output>
  </reporter-output>
  <suite started-at="2021-12-27T08:11:48 GMT-05:00" name="Default suite" finished-at="2021-12-27T08:11:48 GMT-05:00" duration-ms="251">
    <groups>
      <group name="regression">
        <method signature="GroupingTest.feature2()[pri:0, instance:com.TestNGBatchFiles.GroupingTest@28dcca0c]" name="feature2" class="com.TestNGBatchFiles.GroupingTest"/>
        <method signature="GroupingTest.feature3()[pri:0, instance:com.TestNGBatchFiles.GroupingTest@28dcca0c]" name="feature3" class="com.TestNGBatchFiles.GroupingTest"/>
      </group> <!-- regression -->
      <group name="Performance">
        <method signature="GroupingTest.feature1()[pri:0, instance:com.TestNGBatchFiles.GroupingTest@28dcca0c]" name="feature1" class="com.TestNGBatchFiles.GroupingTest"/>
        <method signature="GroupingTest.feature3()[pri:0, instance:com.TestNGBatchFiles.GroupingTest@28dcca0c]" name="feature3" class="com.TestNGBatchFiles.GroupingTest"/>
      </group> <!-- Performance -->
    </groups>
    <test started-at="2021-12-27T08:11:48 GMT-05:00" name="Default test" finished-at="2021-12-27T08:11:48 GMT-05:00" duration-ms="251">
      <class name="com.TestNGBatchFiles.LearningDataProviderParameters">
        <test-method signature="LoginUser(java.lang.String,java.lang.String)[pri:0, instance:com.TestNGBatchFiles.LearningDataProviderParameters@7188af83]" started-at="2021-12-27T08:11:48 GMT-05:00" name="LoginUser" data-provider="logindata" finished-at="2021-12-27T08:11:48 GMT-05:00" duration-ms="11" status="PASS">
          <params>
            <param index="0">
              <value>
                <![CDATA[test@gmail.com]]>
              </value>
            </param>
            <param index="1">
              <value>
                <![CDATA[123]]>
              </value>
            </param>
          </params>
          <reporter-output>
          </reporter-output>
        </test-method> <!-- LoginUser -->
        <test-method signature="LoginUser(java.lang.String,java.lang.String)[pri:0, instance:com.TestNGBatchFiles.LearningDataProviderParameters@7188af83]" started-at="2021-12-27T08:11:48 GMT-05:00" name="LoginUser" data-provider="logindata" finished-at="2021-12-27T08:11:48 GMT-05:00" duration-ms="3" status="PASS">
          <params>
            <param index="0">
              <value>
                <![CDATA[test1@gmail.com]]>
              </value>
            </param>
            <param index="1">
              <value>
                <![CDATA[1234]]>
              </value>
            </param>
          </params>
          <reporter-output>
          </reporter-output>
        </test-method> <!-- LoginUser -->
        <test-method signature="LoginUser(java.lang.String,java.lang.String)[pri:0, instance:com.TestNGBatchFiles.LearningDataProviderParameters@7188af83]" started-at="2021-12-27T08:11:48 GMT-05:00" name="LoginUser" data-provider="logindata" finished-at="2021-12-27T08:11:48 GMT-05:00" duration-ms="3" status="PASS">
          <params>
            <param index="0">
              <value>
                <![CDATA[test2@gmail.com]]>
              </value>
            </param>
            <param index="1">
              <value>
                <![CDATA[12345]]>
              </value>
            </param>
          </params>
          <reporter-output>
          </reporter-output>
        </test-method> <!-- LoginUser -->
        <test-method signature="registerUser(java.lang.String,java.lang.String,java.lang.String,java.lang.String)[pri:0, instance:com.TestNGBatchFiles.LearningDataProviderParameters@7188af83]" started-at="2021-12-27T08:11:48 GMT-05:00" name="registerUser" data-provider="data" finished-at="2021-12-27T08:11:48 GMT-05:00" duration-ms="4" status="PASS">
          <params>
            <param index="0">
              <value>
                <![CDATA[Rahul]]>
              </value>
            </param>
            <param index="1">
              <value>
                <![CDATA[Singh]]>
              </value>
            </param>
            <param index="2">
              <value>
                <![CDATA[test@gmail.com]]>
              </value>
            </param>
            <param index="3">
              <value>
                <![CDATA[123]]>
              </value>
            </param>
          </params>
          <reporter-output>
          </reporter-output>
        </test-method> <!-- registerUser -->
        <test-method signature="registerUser(java.lang.String,java.lang.String,java.lang.String,java.lang.String)[pri:0, instance:com.TestNGBatchFiles.LearningDataProviderParameters@7188af83]" started-at="2021-12-27T08:11:48 GMT-05:00" name="registerUser" data-provider="data" finished-at="2021-12-27T08:11:48 GMT-05:00" duration-ms="6" status="PASS">
          <params>
            <param index="0">
              <value>
                <![CDATA[Ragu]]>
              </value>
            </param>
            <param index="1">
              <value>
                <![CDATA[Singh]]>
              </value>
            </param>
            <param index="2">
              <value>
                <![CDATA[test1@gmail.com]]>
              </value>
            </param>
            <param index="3">
              <value>
                <![CDATA[1234]]>
              </value>
            </param>
          </params>
          <reporter-output>
          </reporter-output>
        </test-method> <!-- registerUser -->
        <test-method signature="registerUser(java.lang.String,java.lang.String,java.lang.String,java.lang.String)[pri:0, instance:com.TestNGBatchFiles.LearningDataProviderParameters@7188af83]" started-at="2021-12-27T08:11:48 GMT-05:00" name="registerUser" data-provider="data" finished-at="2021-12-27T08:11:48 GMT-05:00" duration-ms="6" status="PASS">
          <params>
            <param index="0">
              <value>
                <![CDATA[Rohan]]>
              </value>
            </param>
            <param index="1">
              <value>
                <![CDATA[Singh]]>
              </value>
            </param>
            <param index="2">
              <value>
                <![CDATA[test2@gmail.com]]>
              </value>
            </param>
            <param index="3">
              <value>
                <![CDATA[12345]]>
              </value>
            </param>
          </params>
          <reporter-output>
          </reporter-output>
        </test-method> <!-- registerUser -->
      </class> <!-- com.TestNGBatchFiles.LearningDataProviderParameters -->
      <class name="com.TestNGBatchFiles.LoginTest">
        <test-method signature="loginviaEmail()[pri:0, instance:com.TestNGBatchFiles.LoginTest@533bda92]" started-at="2021-12-27T08:11:48 GMT-05:00" name="loginviaEmail" finished-at="2021-12-27T08:11:48 GMT-05:00" duration-ms="8" status="PASS">
          <reporter-output>
          </reporter-output>
        </test-method> <!-- loginviaEmail -->
        <test-method signature="loginviaFacbook()[pri:0, instance:com.TestNGBatchFiles.LoginTest@533bda92]" started-at="2021-12-27T08:11:48 GMT-05:00" name="loginviaFacbook" finished-at="2021-12-27T08:11:48 GMT-05:00" duration-ms="7" status="PASS">
          <reporter-output>
          </reporter-output>
        </test-method> <!-- loginviaFacbook -->
        <test-method signature="loginviaTwitter()[pri:0, instance:com.TestNGBatchFiles.LoginTest@533bda92]" started-at="2021-12-27T08:11:48 GMT-05:00" name="loginviaTwitter" finished-at="2021-12-27T08:11:48 GMT-05:00" duration-ms="3" status="PASS">
          <reporter-output>
          </reporter-output>
        </test-method> <!-- loginviaTwitter -->
      </class> <!-- com.TestNGBatchFiles.LoginTest -->
      <class name="com.TestNGBatchFiles.GroupingTest">
        <test-method signature="feature1()[pri:0, instance:com.TestNGBatchFiles.GroupingTest@28dcca0c]" started-at="2021-12-27T08:11:48 GMT-05:00" name="feature1" finished-at="2021-12-27T08:11:48 GMT-05:00" duration-ms="5" status="PASS">
          <reporter-output>
          </reporter-output>
        </test-method> <!-- feature1 -->
        <test-method signature="feature2()[pri:0, instance:com.TestNGBatchFiles.GroupingTest@28dcca0c]" started-at="2021-12-27T08:11:48 GMT-05:00" name="feature2" finished-at="2021-12-27T08:11:48 GMT-05:00" duration-ms="1" status="PASS">
          <reporter-output>
          </reporter-output>
        </test-method> <!-- feature2 -->
        <test-method signature="feature3()[pri:0, instance:com.TestNGBatchFiles.GroupingTest@28dcca0c]" started-at="2021-12-27T08:11:48 GMT-05:00" name="feature3" finished-at="2021-12-27T08:11:48 GMT-05:00" duration-ms="3" status="PASS">
          <reporter-output>
          </reporter-output>
        </test-method> <!-- feature3 -->
      </class> <!-- com.TestNGBatchFiles.GroupingTest -->
      <class name="com.TestNGBatchFiles.SIgnUpTest">
        <test-method signature="signupviaEmail()[pri:2, instance:com.TestNGBatchFiles.SIgnUpTest@4c163e3]" started-at="2021-12-27T08:11:48 GMT-05:00" name="signupviaEmail" finished-at="2021-12-27T08:11:48 GMT-05:00" duration-ms="2" status="PASS">
          <reporter-output>
          </reporter-output>
        </test-method> <!-- signupviaEmail -->
        <test-method signature="signupviaFacebook()[pri:0, instance:com.TestNGBatchFiles.SIgnUpTest@4c163e3]" started-at="2021-12-27T08:11:48 GMT-05:00" name="signupviaFacebook" finished-at="2021-12-27T08:11:48 GMT-05:00" depends-on-methods="com.TestNGBatchFiles.SIgnUpTest.signupviaEmail" duration-ms="2" status="PASS">
          <reporter-output>
          </reporter-output>
        </test-method> <!-- signupviaFacebook -->
        <test-method signature="signupviaTwitter()[pri:1, instance:com.TestNGBatchFiles.SIgnUpTest@4c163e3]" started-at="2021-12-27T08:11:48 GMT-05:00" name="signupviaTwitter" finished-at="2021-12-27T08:11:48 GMT-05:00" depends-on-methods="com.TestNGBatchFiles.SIgnUpTest.signupviaFacebook" duration-ms="4" status="PASS">
          <reporter-output>
          </reporter-output>
        </test-method> <!-- signupviaTwitter -->
      </class> <!-- com.TestNGBatchFiles.SIgnUpTest -->
    </test> <!-- Default test -->
  </suite> <!-- Default suite -->
</testng-results>
