<?xml version="1.0" encoding="UTF-8"?>
<!-- Generated by org.testng.reporters.JUnitXMLReporter -->
<testsuite ignored="0" hostname="DESKTOP-R1NCR26" failures="0" tests="10" name="Default test" time="0.202" errors="0" timestamp="2022-02-08T06:32:11 GMT-05:00">
  <testcase classname="com.LearningTestNG.InvocationCountTest" name="sum" time="0.017"/>
  <testcase classname="com.LearningTestNG.InvocationCountTest" name="sum" time="0.004"/>
  <testcase classname="com.LearningTestNG.InvocationCountTest" name="sum" time="0.002"/>
  <testcase classname="com.LearningTestNG.InvocationCountTest" name="sum" time="0.003"/>
  <testcase classname="com.LearningTestNG.InvocationCountTest" name="sum" time="0.003"/>
  <testcase classname="com.LearningTestNG.InvocationCountTest" name="sum" time="0.002"/>
  <testcase classname="com.LearningTestNG.InvocationCountTest" name="sum" time="0.002"/>
  <testcase classname="com.LearningTestNG.InvocationCountTest" name="sum" time="0.002"/>
  <testcase classname="com.LearningTestNG.InvocationCountTest" name="sum" time="0.016"/>
  <testcase classname="com.LearningTestNG.InvocationCountTest" name="sum" time="0.004"/>
</testsuite> <!-- Default test -->
