<?xml version="1.0" encoding="UTF-8"?>
<!-- Generated by org.testng.reporters.JUnitXMLReporter -->
<testsuite ignored="0" hostname="DESKTOP-R1NCR26" failures="0" tests="16" name="Different testng feature Test" time="15.834" errors="0" timestamp="2021-12-30T09:33:30 GMT-05:00">
  <testcase classname="com.LearningTestNG.ExpectedException" name="test1" time="0.01"/>
  <testcase classname="com.LearningTestNG.GoogleTestWithTestNG" name="googleLogoTest" time="0.123"/>
  <testcase classname="com.LearningTestNG.GoogleTestWithTestNG" name="googleTitleTest" time="0.013"/>
  <testcase classname="com.LearningTestNG.InvocationCountTest" name="sum" time="0.001"/>
  <testcase classname="com.LearningTestNG.InvocationCountTest" name="sum" time="0.002"/>
  <testcase classname="com.LearningTestNG.InvocationCountTest" name="sum" time="0.002"/>
  <testcase classname="com.LearningTestNG.InvocationCountTest" name="sum" time="0.001"/>
  <testcase classname="com.LearningTestNG.InvocationCountTest" name="sum" time="0.001"/>
  <testcase classname="com.LearningTestNG.InvocationCountTest" name="sum" time="0.003"/>
  <testcase classname="com.LearningTestNG.InvocationCountTest" name="sum" time="0.001"/>
  <testcase classname="com.LearningTestNG.InvocationCountTest" name="sum" time="0.002"/>
  <testcase classname="com.LearningTestNG.InvocationCountTest" name="sum" time="0.002"/>
  <testcase classname="com.LearningTestNG.InvocationCountTest" name="sum" time="0.002"/>
  <testcase classname="com.LearningTestNG.TestNGAnnotations_1" name="test1" time="0.004"/>
  <testcase classname="com.LearningTestNG.TestNGAnnotations_1" name="test2" time="0.005"/>
  <testcase classname="com.LearningTestNG.TestNGAnnotations_2" name="test3" time="0.002"/>
</testsuite> <!-- Different testng feature Test -->
