<?xml version="1.0" encoding="UTF-8"?>
<testng-results ignored="0" total="4" passed="4" failed="0" skipped="0">
  <reporter-output>
  </reporter-output>
  <suite started-at="2022-05-23T09:47:04 GMT-05:00" name="Default suite" finished-at="2022-05-23T09:47:04 GMT-05:00" duration-ms="110">
    <groups>
    </groups>
    <test started-at="2022-05-23T09:47:04 GMT-05:00" name="Default test" finished-at="2022-05-23T09:47:04 GMT-05:00" duration-ms="110">
      <class name="com.TestNGBatchFiles.SIgnUpTest_DependsOnMethods_and_AlwaysRunConcept">
        <test-method signature="StartCar()[pri:4, instance:com.TestNGBatchFiles.SIgnUpTest_DependsOnMethods_and_AlwaysRunConcept@14028087]" started-at="2022-05-23T09:47:04 GMT-05:00" name="StartCar" finished-at="2022-05-23T09:47:04 GMT-05:00" duration-ms="14" status="PASS">
          <reporter-output>
          </reporter-output>
        </test-method> <!-- StartCar -->
        <test-method signature="DriveCar()[pri:0, instance:com.TestNGBatchFiles.SIgnUpTest_DependsOnMethods_and_AlwaysRunConcept@14028087]" started-at="2022-05-23T09:47:04 GMT-05:00" name="DriveCar" finished-at="2022-05-23T09:47:04 GMT-05:00" depends-on-methods="com.TestNGBatchFiles.SIgnUpTest_DependsOnMethods_and_AlwaysRunConcept.StartCar" duration-ms="2" status="PASS">
          <reporter-output>
          </reporter-output>
        </test-method> <!-- DriveCar -->
        <test-method signature="StopCar()[pri:0, instance:com.TestNGBatchFiles.SIgnUpTest_DependsOnMethods_and_AlwaysRunConcept@14028087]" started-at="2022-05-23T09:47:04 GMT-05:00" name="StopCar" finished-at="2022-05-23T09:47:04 GMT-05:00" depends-on-methods="com.TestNGBatchFiles.SIgnUpTest_DependsOnMethods_and_AlwaysRunConcept.DriveCar" duration-ms="3" status="PASS">
          <reporter-output>
          </reporter-output>
        </test-method> <!-- StopCar -->
        <test-method signature="Parkcar()[pri:0, instance:com.TestNGBatchFiles.SIgnUpTest_DependsOnMethods_and_AlwaysRunConcept@14028087]" started-at="2022-05-23T09:47:04 GMT-05:00" name="Parkcar" finished-at="2022-05-23T09:47:04 GMT-05:00" depends-on-methods="com.TestNGBatchFiles.SIgnUpTest_DependsOnMethods_and_AlwaysRunConcept.StopCar, com.TestNGBatchFiles.SIgnUpTest_DependsOnMethods_and_AlwaysRunConcept.DriveCar" duration-ms="2" status="PASS">
          <reporter-output>
          </reporter-output>
        </test-method> <!-- Parkcar -->
      </class> <!-- com.TestNGBatchFiles.SIgnUpTest_DependsOnMethods_and_AlwaysRunConcept -->
    </test> <!-- Default test -->
  </suite> <!-- Default suite -->
</testng-results>
