<?xml version="1.0" encoding="UTF-8"?>
<testng-results ignored="0" total="10" passed="10" failed="0" skipped="0">
  <reporter-output>
  </reporter-output>
  <suite started-at="2022-02-08T06:32:11 GMT-05:00" name="Default suite" finished-at="2022-02-08T06:32:11 GMT-05:00" duration-ms="202">
    <groups>
    </groups>
    <test started-at="2022-02-08T06:32:11 GMT-05:00" name="Default test" finished-at="2022-02-08T06:32:11 GMT-05:00" duration-ms="202">
      <class name="com.LearningTestNG.InvocationCountTest">
        <test-method signature="sum()[pri:0, instance:com.LearningTestNG.InvocationCountTest@402c4085]" started-at="2022-02-08T06:32:11 GMT-05:00" name="sum" finished-at="2022-02-08T06:32:11 GMT-05:00" duration-ms="17" status="PASS">
          <reporter-output>
          </reporter-output>
        </test-method> <!-- sum -->
        <test-method signature="sum()[pri:0, instance:com.LearningTestNG.InvocationCountTest@402c4085]" started-at="2022-02-08T06:32:11 GMT-05:00" name="sum" finished-at="2022-02-08T06:32:11 GMT-05:00" duration-ms="4" status="PASS">
          <reporter-output>
          </reporter-output>
        </test-method> <!-- sum -->
        <test-method signature="sum()[pri:0, instance:com.LearningTestNG.InvocationCountTest@402c4085]" started-at="2022-02-08T06:32:11 GMT-05:00" name="sum" finished-at="2022-02-08T06:32:11 GMT-05:00" duration-ms="2" status="PASS">
          <reporter-output>
          </reporter-output>
        </test-method> <!-- sum -->
        <test-method signature="sum()[pri:0, instance:com.LearningTestNG.InvocationCountTest@402c4085]" started-at="2022-02-08T06:32:11 GMT-05:00" name="sum" finished-at="2022-02-08T06:32:11 GMT-05:00" duration-ms="3" status="PASS">
          <reporter-output>
          </reporter-output>
        </test-method> <!-- sum -->
        <test-method signature="sum()[pri:0, instance:com.LearningTestNG.InvocationCountTest@402c4085]" started-at="2022-02-08T06:32:11 GMT-05:00" name="sum" finished-at="2022-02-08T06:32:11 GMT-05:00" duration-ms="3" status="PASS">
          <reporter-output>
          </reporter-output>
        </test-method> <!-- sum -->
        <test-method signature="sum()[pri:0, instance:com.LearningTestNG.InvocationCountTest@402c4085]" started-at="2022-02-08T06:32:11 GMT-05:00" name="sum" finished-at="2022-02-08T06:32:11 GMT-05:00" duration-ms="2" status="PASS">
          <reporter-output>
          </reporter-output>
        </test-method> <!-- sum -->
        <test-method signature="sum()[pri:0, instance:com.LearningTestNG.InvocationCountTest@402c4085]" started-at="2022-02-08T06:32:11 GMT-05:00" name="sum" finished-at="2022-02-08T06:32:11 GMT-05:00" duration-ms="2" status="PASS">
          <reporter-output>
          </reporter-output>
        </test-method> <!-- sum -->
        <test-method signature="sum()[pri:0, instance:com.LearningTestNG.InvocationCountTest@402c4085]" started-at="2022-02-08T06:32:11 GMT-05:00" name="sum" finished-at="2022-02-08T06:32:11 GMT-05:00" duration-ms="2" status="PASS">
          <reporter-output>
          </reporter-output>
        </test-method> <!-- sum -->
        <test-method signature="sum()[pri:0, instance:com.LearningTestNG.InvocationCountTest@402c4085]" started-at="2022-02-08T06:32:11 GMT-05:00" name="sum" finished-at="2022-02-08T06:32:11 GMT-05:00" duration-ms="16" status="PASS">
          <reporter-output>
          </reporter-output>
        </test-method> <!-- sum -->
        <test-method signature="sum()[pri:0, instance:com.LearningTestNG.InvocationCountTest@402c4085]" started-at="2022-02-08T06:32:11 GMT-05:00" name="sum" finished-at="2022-02-08T06:32:11 GMT-05:00" duration-ms="4" status="PASS">
          <reporter-output>
          </reporter-output>
        </test-method> <!-- sum -->
      </class> <!-- com.LearningTestNG.InvocationCountTest -->
    </test> <!-- Default test -->
  </suite> <!-- Default suite -->
</testng-results>
